TACC: Starting up job 2271741
TACC: Setting up parallel environment for MVAPICH2+mpispawn.
TACC: Starting parallel tasks...
MPI task 13 has started...
MPI task 8 has started...
MPI task 9 has started...
MPI task 6 has started...
MPI task 11 has started...
MPI task 2 has started...
MPI task 15 has started...
MPI task 14 has started...
MPI task 12 has started...
MPI task 7 has started...
MPI task 4 has started...
MPI task 0 has started...
MPI task 3 has started...
MPI task 1 has started...
MPI task 5 has started...
MPI task 10 has started...
   After    50000 throws, average value of pi = 3.14388500
   After   100000 throws, average value of pi = 3.14257000
   After   150000 throws, average value of pi = 3.14226667
   After   200000 throws, average value of pi = 3.14212250
   After   250000 throws, average value of pi = 3.14206200
   After   300000 throws, average value of pi = 3.14240333
   After   350000 throws, average value of pi = 3.14199286
   After   400000 throws, average value of pi = 3.14198563
   After   450000 throws, average value of pi = 3.14192000
   After   500000 throws, average value of pi = 3.14137850
   After   550000 throws, average value of pi = 3.14166136
   After   600000 throws, average value of pi = 3.14192583
   After   650000 throws, average value of pi = 3.14188731
   After   700000 throws, average value of pi = 3.14194821
   After   750000 throws, average value of pi = 3.14205133
   After   800000 throws, average value of pi = 3.14219750
   After   850000 throws, average value of pi = 3.14231265
   After   900000 throws, average value of pi = 3.14233083
   After   950000 throws, average value of pi = 3.14228211
   After  1000000 throws, average value of pi = 3.14218850
   After  1050000 throws, average value of pi = 3.14213214
   After  1100000 throws, average value of pi = 3.14204205
   After  1150000 throws, average value of pi = 3.14195043
   After  1200000 throws, average value of pi = 3.14193771
   After  1250000 throws, average value of pi = 3.14185960
   After  1300000 throws, average value of pi = 3.14187808
   After  1350000 throws, average value of pi = 3.14197278
   After  1400000 throws, average value of pi = 3.14196589
   After  1450000 throws, average value of pi = 3.14188345
   After  1500000 throws, average value of pi = 3.14186983
   After  1550000 throws, average value of pi = 3.14191968
   After  1600000 throws, average value of pi = 3.14197797
   After  1650000 throws, average value of pi = 3.14190030
   After  1700000 throws, average value of pi = 3.14187529
   After  1750000 throws, average value of pi = 3.14186286
   After  1800000 throws, average value of pi = 3.14185736
   After  1850000 throws, average value of pi = 3.14178203
   After  1900000 throws, average value of pi = 3.14182934
   After  1950000 throws, average value of pi = 3.14181244
   After  2000000 throws, average value of pi = 3.14176725
   After  2050000 throws, average value of pi = 3.14179988
   After  2100000 throws, average value of pi = 3.14176060
   After  2150000 throws, average value of pi = 3.14177047
   After  2200000 throws, average value of pi = 3.14176977
   After  2250000 throws, average value of pi = 3.14172322
   After  2300000 throws, average value of pi = 3.14172924
   After  2350000 throws, average value of pi = 3.14164287
   After  2400000 throws, average value of pi = 3.14166937
   After  2450000 throws, average value of pi = 3.14165265
   After  2500000 throws, average value of pi = 3.14159080
   After  2550000 throws, average value of pi = 3.14158020
   After  2600000 throws, average value of pi = 3.14157856
   After  2650000 throws, average value of pi = 3.14155575
   After  2700000 throws, average value of pi = 3.14158407
   After  2750000 throws, average value of pi = 3.14156818
   After  2800000 throws, average value of pi = 3.14153223
   After  2850000 throws, average value of pi = 3.14149649
   After  2900000 throws, average value of pi = 3.14150026
   After  2950000 throws, average value of pi = 3.14148466
   After  3000000 throws, average value of pi = 3.14150100
   After  3050000 throws, average value of pi = 3.14152738
   After  3100000 throws, average value of pi = 3.14156653
   After  3150000 throws, average value of pi = 3.14155341
   After  3200000 throws, average value of pi = 3.14153719
   After  3250000 throws, average value of pi = 3.14153577
   After  3300000 throws, average value of pi = 3.14152629
   After  3350000 throws, average value of pi = 3.14153403
   After  3400000 throws, average value of pi = 3.14153243
   After  3450000 throws, average value of pi = 3.14154181
   After  3500000 throws, average value of pi = 3.14152093
   After  3550000 throws, average value of pi = 3.14148218
   After  3600000 throws, average value of pi = 3.14147590
   After  3650000 throws, average value of pi = 3.14142822
   After  3700000 throws, average value of pi = 3.14138311
   After  3750000 throws, average value of pi = 3.14138160
   After  3800000 throws, average value of pi = 3.14136441
   After  3850000 throws, average value of pi = 3.14131851
   After  3900000 throws, average value of pi = 3.14133705
   After  3950000 throws, average value of pi = 3.14135386
   After  4000000 throws, average value of pi = 3.14137406
   After  4050000 throws, average value of pi = 3.14139327
   After  4100000 throws, average value of pi = 3.14137323
   After  4150000 throws, average value of pi = 3.14134916
   After  4200000 throws, average value of pi = 3.14134625
   After  4250000 throws, average value of pi = 3.14135018
   After  4300000 throws, average value of pi = 3.14134971
   After  4350000 throws, average value of pi = 3.14136626
   After  4400000 throws, average value of pi = 3.14136091
   After  4450000 throws, average value of pi = 3.14141388
   After  4500000 throws, average value of pi = 3.14143711
   After  4550000 throws, average value of pi = 3.14143137
   After  4600000 throws, average value of pi = 3.14138984
   After  4650000 throws, average value of pi = 3.14142559
   After  4700000 throws, average value of pi = 3.14145234
   After  4750000 throws, average value of pi = 3.14145605
   After  4800000 throws, average value of pi = 3.14145396
   After  4850000 throws, average value of pi = 3.14146881
   After  4900000 throws, average value of pi = 3.14148556
   After  4950000 throws, average value of pi = 3.14145535
   After  5000000 throws, average value of pi = 3.14146835

Real value of PI: 3.1415926535897 
 
TACC: Shutdown complete. Exiting.
